{"message":"   No such data","level":"error","timestamp":"2020-04-17T08:50:03.904Z"}
{"message":"   No such data","level":"error","timestamp":"2020-04-17T08:50:04.064Z"}
{"message":"   No such data","level":"error","timestamp":"2020-04-17T08:50:04.423Z"}
{"message":"   No such data","level":"error","timestamp":"2020-04-17T08:50:04.424Z"}
{"message":"   No such data","level":"error","timestamp":"2020-04-17T08:50:04.427Z"}
{"message":"   No such data","level":"error","timestamp":"2020-04-17T08:50:04.473Z"}
{"message":"   No such data","level":"error","timestamp":"2020-04-17T08:50:04.474Z"}
{"message":"   No such data","level":"error","timestamp":"2020-04-17T23:05:58.269Z"}
{"message":"   No such data","level":"error","timestamp":"2020-04-17T23:05:58.367Z"}
{"message":"   No such data","level":"error","timestamp":"2020-04-17T23:05:58.420Z"}
{"message":"   No such data","level":"error","timestamp":"2020-04-17T23:54:21.629Z"}
{"message":"   No such data","level":"error","timestamp":"2020-04-17T23:54:21.749Z"}
{"message":"   No such data","level":"error","timestamp":"2020-04-17T23:54:22.101Z"}
{"message":"   No such data","level":"error","timestamp":"2020-04-17T23:54:22.102Z"}
{"message":"   No such data","level":"error","timestamp":"2020-04-17T23:54:22.104Z"}
{"message":"   No such data","level":"error","timestamp":"2020-04-17T23:54:22.105Z"}
{"message":"   No such data","level":"error","timestamp":"2020-04-17T23:54:22.105Z"}
{"message":"   Cannot read property 'login' of undefined","level":"error","timestamp":"2020-04-18T00:12:15.524Z"}
{"message":"   Cannot read property 'login' of undefined","level":"error","timestamp":"2020-04-18T00:12:51.677Z"}
{"message":"   Invalid credentials","level":"error","timestamp":"2020-04-18T00:13:14.126Z"}
{"message":"   Invalid credentials","level":"error","timestamp":"2020-04-18T00:14:16.844Z"}
{"message":"   Invalid token","level":"error","timestamp":"2020-04-18T00:17:08.618Z"}
{"message":"   Invalid token","level":"error","timestamp":"2020-04-18T00:17:34.292Z"}
{"message":"   Invalid token","level":"error","timestamp":"2020-04-18T00:18:15.291Z"}
{"message":"   Invalid token","level":"error","timestamp":"2020-04-18T00:19:05.196Z"}
{"message":"   Invalid token","level":"error","timestamp":"2020-04-18T00:21:20.705Z"}
{"message":"   Invalid token","level":"error","timestamp":"2020-04-18T00:21:48.791Z"}
{"message":"   Invalid token","level":"error","timestamp":"2020-04-18T00:25:01.467Z"}
{"message":"   Invalid credentials","level":"error","timestamp":"2020-04-18T00:27:19.076Z"}
{"message":"   Cannot read property 'split' of undefined","level":"error","timestamp":"2020-04-22T20:48:23.144Z"}
{"message":"   Invalid token","level":"error","timestamp":"2020-04-22T20:51:57.910Z"}
{"message":"   Invalid token1111","level":"error","timestamp":"2020-04-22T20:53:15.306Z"}
{"message":"   Invalid token","level":"error","timestamp":"2020-04-22T20:53:46.670Z"}
{"message":"   Invalid token","level":"error","timestamp":"2020-04-22T20:54:05.293Z"}
{"message":"   Invalid token","level":"error","timestamp":"2020-04-22T20:54:47.235Z"}
{"message":"   Cannot destructure property `id` of 'undefined' or 'null'.","level":"error","timestamp":"2020-04-22T20:55:55.218Z"}
{"message":"   Cannot destructure property `id` of 'undefined' or 'null'.","level":"error","timestamp":"2020-04-22T21:03:00.738Z"}
{"message":"   Cannot destructure property `id` of 'undefined' or 'null'.","level":"error","timestamp":"2020-04-22T21:04:03.202Z"}
{"message":"   Cannot destructure property `id` of 'undefined' or 'null'.","level":"error","timestamp":"2020-04-22T21:06:00.388Z"}
{"message":"   Cannot destructure property `id` of 'undefined' or 'null'.","level":"error","timestamp":"2020-04-22T21:06:23.032Z"}
{"message":"   Can not generate hash password","level":"error","timestamp":"2020-04-22T21:10:35.381Z"}
{"message":"   Can not generate hash password","level":"error","timestamp":"2020-04-22T21:11:08.326Z"}
{"message":"   Can not generate hash password","level":"error","timestamp":"2020-04-22T21:21:17.374Z"}
{"message":"   Can not generate hash password","level":"error","timestamp":"2020-04-22T21:21:42.547Z"}
{"message":"   Can not generate hash password","level":"error","timestamp":"2020-04-22T21:23:28.276Z"}
{"message":"   Salt gen error","level":"error","timestamp":"2020-04-22T21:31:44.589Z"}
{"message":"   Something went wrong. Please try again.","level":"error","timestamp":"2020-04-22T21:32:39.422Z"}
{"message":"   Cannot destructure property `id` of 'undefined' or 'null'.","level":"error","timestamp":"2020-04-22T21:35:03.574Z"}
{"message":"   Cannot destructure property `id` of 'undefined' or 'null'.","level":"error","timestamp":"2020-04-22T21:37:58.802Z"}
{"message":"   Cannot destructure property `id` of 'undefined' or 'null'.","level":"error","timestamp":"2020-04-22T21:39:04.176Z"}
{"message":"   Cannot destructure property `id` of 'undefined' or 'null'.","level":"error","timestamp":"2020-04-22T21:41:09.748Z"}
{"message":"   Cannot destructure property `id` of 'undefined' or 'null'.","level":"error","timestamp":"2020-04-22T21:43:17.539Z"}
{"message":"   Cannot destructure property `id` of 'undefined' or 'null'.","level":"error","timestamp":"2020-04-22T21:44:14.592Z"}
{"message":"   Invalid token","level":"error","timestamp":"2020-04-22T22:10:17.998Z"}
{"message":"   Invalid token","level":"error","timestamp":"2020-04-22T22:10:18.011Z"}
{"message":"   Invalid token","level":"error","timestamp":"2020-04-22T22:10:18.014Z"}
{"message":"   Invalid token","level":"error","timestamp":"2020-04-22T22:10:18.020Z"}
{"message":"   Invalid token","level":"error","timestamp":"2020-04-22T22:10:18.021Z"}
{"message":"   Invalid token","level":"error","timestamp":"2020-04-22T22:10:18.025Z"}
{"message":"   Invalid token","level":"error","timestamp":"2020-04-22T22:10:18.028Z"}
{"message":"   Invalid token","level":"error","timestamp":"2020-04-22T22:10:18.031Z"}
{"message":"   Invalid token","level":"error","timestamp":"2020-04-22T22:10:18.033Z"}
{"message":"   Invalid token","level":"error","timestamp":"2020-04-22T22:10:18.036Z"}
{"message":"   Invalid token","level":"error","timestamp":"2020-04-22T22:10:18.039Z"}
{"message":"   Invalid token","level":"error","timestamp":"2020-04-22T22:10:18.040Z"}
{"message":"   Invalid token","level":"error","timestamp":"2020-04-22T22:10:18.044Z"}
{"message":"   Invalid token","level":"error","timestamp":"2020-04-22T22:10:18.047Z"}
{"message":"   Invalid token","level":"error","timestamp":"2020-04-22T22:10:18.050Z"}
{"message":"   Invalid token","level":"error","timestamp":"2020-04-22T22:10:18.052Z"}
{"message":"   Invalid token","level":"error","timestamp":"2020-04-22T22:10:18.054Z"}
{"message":"   Invalid token","level":"error","timestamp":"2020-04-22T22:10:18.057Z"}
{"message":"   Invalid token","level":"error","timestamp":"2020-04-22T22:10:18.058Z"}
{"message":"   Invalid token","level":"error","timestamp":"2020-04-22T22:10:18.060Z"}
{"message":"   Invalid token","level":"error","timestamp":"2020-04-22T22:10:18.062Z"}
{"message":"   Invalid token","level":"error","timestamp":"2020-04-22T22:10:18.064Z"}
{"message":"   Invalid token","level":"error","timestamp":"2020-04-22T22:10:18.067Z"}
{"message":"   Invalid token","level":"error","timestamp":"2020-04-22T22:10:18.069Z"}
{"message":"   Invalid token","level":"error","timestamp":"2020-04-22T22:10:18.075Z"}
{"message":"   Invalid token","level":"error","timestamp":"2020-04-22T22:11:28.096Z"}
{"message":"   Invalid token","level":"error","timestamp":"2020-04-22T22:11:28.101Z"}
{"message":"   Invalid token","level":"error","timestamp":"2020-04-22T22:11:28.111Z"}
{"message":"   Invalid token","level":"error","timestamp":"2020-04-22T22:11:28.112Z"}
{"message":"   Invalid token","level":"error","timestamp":"2020-04-22T22:11:28.122Z"}
{"message":"   Invalid token","level":"error","timestamp":"2020-04-22T22:11:28.123Z"}
{"message":"   Invalid token","level":"error","timestamp":"2020-04-22T22:11:28.125Z"}
{"message":"   Invalid token","level":"error","timestamp":"2020-04-22T22:11:28.127Z"}
{"message":"   Invalid token","level":"error","timestamp":"2020-04-22T22:11:28.128Z"}
{"message":"   Invalid token","level":"error","timestamp":"2020-04-22T22:11:28.130Z"}
{"message":"   Invalid token","level":"error","timestamp":"2020-04-22T22:11:28.132Z"}
{"message":"   Invalid token","level":"error","timestamp":"2020-04-22T22:11:28.133Z"}
{"message":"   Invalid token","level":"error","timestamp":"2020-04-22T22:11:28.136Z"}
{"message":"   Invalid token","level":"error","timestamp":"2020-04-22T22:11:28.139Z"}
{"message":"   Invalid token","level":"error","timestamp":"2020-04-22T22:11:28.142Z"}
{"message":"   Invalid credentials","level":"error","timestamp":"2020-04-22T22:17:29.141Z"}
{"message":"   Invalid credentials","level":"error","timestamp":"2020-04-22T22:20:01.968Z"}
{"message":"   Invalid credentials","level":"error","timestamp":"2020-04-22T22:22:56.083Z"}
{"message":"   Invalid credentials","level":"error","timestamp":"2020-04-22T22:23:44.418Z"}
{"message":"   Invalid credentials","level":"error","timestamp":"2020-04-22T22:25:27.688Z"}
{"message":"   Invalid credentials","level":"error","timestamp":"2020-04-22T22:25:40.328Z"}
